#
# A fatal error has been detected by the Java Runtime Environment:
#
#  SIGSEGV (0xb) at pc=0x00007f5aad5033f8, pid=2651, tid=140027254908672
#
# JRE version: 6.0_24-b24
# Java VM: OpenJDK 64-Bit Server VM (20.0-b12 mixed mode linux-amd64 compressed oops)
# Derivative: IcedTea6 1.11.5
# Distribution: Ubuntu 12.04 LTS, package 6b24-1.11.5-0ubuntu1~12.04.1
# Problematic frame:
# V  [libjvm.so+0x4823f8]  instanceKlass::oop_follow_contents(oopDesc*)+0x1e8
#
# If you would like to submit a bug report, please include
# instructions how to reproduce the bug and visit:
#   https://bugs.launchpad.net/ubuntu/+source/openjdk-6/
#

---------------  T H R E A D  ---------------

Current thread (0x00007f5aa8077000):  VMThread [stack: 0x00007f5aa2b9a000,0x00007f5aa2c9b000] [id=2661]

siginfo:si_signo=SIGSEGV: si_errno=0, si_code=1 (SEGV_MAPERR), si_addr=0x00000000000000b0

Registers:
RAX=0x00000007928db2f0, RBX=0x00000007a2248400, RCX=0x0000000000000003, RDX=0x00007f5aadc14810
RSP=0x00007f5aa2c996f0, RBP=0x00007f5aa2c99740, RSI=0x0000000000000000, RDI=0x0000000000000000
R8 =0x0000000000000000, R9 =0x0000000000000077, R10=0x000000000005f000, R11=0x0000000000000040
R12=0x00000007928db2dc, R13=0x000000076acc4ab8, R14=0x00007f5aadc28f4a, R15=0x000000076acc4ad0
RIP=0x00007f5aad5033f8, EFLAGS=0x0000000000010246, CSGSFS=0x0000000000000033, ERR=0x0000000000000004
  TRAPNO=0x000000000000000e

Top of Stack: (sp=0x00007f5aa2c996f0)
0x00007f5aa2c996f0:   00007f5aa2c99740 00007f5aadc2b840
0x00007f5aa2c99700:   00000007fc03f398 00000007928db2b0
0x00007f5aa2c99710:   00007f5a50bc8028 00007f5aadc2b840
0x00007f5aa2c99720:   00007f5aadc2b720 00007f5aa800ded0
0x00007f5aa2c99730:   00007f5aadc28f4a 00007f5aadc2f4f0
0x00007f5aa2c99740:   00007f5aa2c997b0 00007f5aad660a3a
0x00007f5aa2c99750:   00007f5aa2c99790 00000007fc03f3b8
0x00007f5aa2c99760:   00007f5aa2c99790 00007f5aadc2b590
0x00007f5aa2c99770:   00007f5aadc46c20 00007f5aadc2b590
0x00007f5aa2c99780:   00007f5aa2c997b0 00007f5aadc2b590
0x00007f5aa2c99790:   0000000000000000 00007f5aa800ded0
0x00007f5aa2c997a0:   0000000000000000 00007f5aadc2f4f0
0x00007f5aa2c997b0:   00007f5aa2c99840 00007f5aad712212
0x00007f5aa2c997c0:   00007f5aa2010100 0000000000000000
0x00007f5aa2c997d0:   00007f5aa2c99810 0000000000000c00
0x00007f5aa2c997e0:   0000000000000000 00007f5aa80008c0
0x00007f5aa2c997f0:   00007f5aadbf0630 00007f5aa800de00
0x00007f5aa2c99800:   00007f5aadc2b590 00007f5aad722201
0x00007f5aa2c99810:   00007f5aa800da60 01007f5aa800de40
0x00007f5aa2c99820:   00007f5aa2c99840 00007f5aa800da60
0x00007f5aa2c99830:   00007f5aa800de40 00007f5aa800ded0
0x00007f5aa2c99840:   00007f5aa2c99a70 00007f5aad712bb1
0x00007f5aa2c99850:   0000000700000001 0000000000000001
0x00007f5aa2c99860:   00007f5a00000001 00007f5aa8023a70
0x00007f5aa2c99870:   0000000aa5010250 00007f5aadc30598
0x00007f5aa2c99880:   00007f5aa800fd80 0000000003999128
0x00007f5aa2c99890:   00007f5aadc14800 00007f5aa2c99910
0x00007f5aa2c998a0:   00007f5aa80745f0 00007f5aa80746a0
0x00007f5aa2c998b0:   000000000609df90 00007f5aadc2f4f0
0x00007f5aa2c998c0:   00007f5aa800dba0 0000000002b5018b
0x00007f5aa2c998d0:   0000000003999128 0000000019419d80
0x00007f5aa2c998e0:   000000000456ac68 00007f5aadc14800 

Instructions: (pc=0x00007f5aad5033f8)
0x00007f5aad5033d8:   84 73 ff ff ff 49 89 f0 41 83 e0 07 49 83 f8 05
0x00007f5aad5033e8:   74 86 41 80 3e 00 0f 85 bc 01 00 00 48 8b 7b 08
0x00007f5aad5033f8:   48 8b 97 b0 00 00 00 83 e2 07 48 83 fa 05 0f 84
0x00007f5aad503408:   54 ff ff ff 49 83 f8 01 0f 85 4a ff ff ff 48 89 

Register to memory mapping:

RAX=0x00000007928db2f0 is an oop
scala.tools.nsc.symtab.Symbols$ClassSymbol 
 - klass: 'scala/tools/nsc/symtab/Symbols$ClassSymbol'
RBX=0x00000007a2248400 is an unallocated location in the heap
RCX=0x0000000000000003 is an unknown value
RDX=0x00007f5aadc14810: <offset 0xb93810> in /usr/lib/jvm/java-6-openjdk-amd64/jre/lib/amd64/server/libjvm.so at 0x00007f5aad081000
RSP=0x00007f5aa2c996f0 is an unknown value
RBP=0x00007f5aa2c99740 is an unknown value
RSI=0x0000000000000000 is an unknown value
RDI=0x0000000000000000 is an unknown value
R8 =0x0000000000000000 is an unknown value
R9 =0x0000000000000077 is an unknown value
R10=0x000000000005f000 is an unknown value
R11=0x0000000000000040 is an unknown value
R12=0x00000007928db2dc is an oop
scala.tools.nsc.symtab.Symbols$ClassSymbol 
 - klass: 'scala/tools/nsc/symtab/Symbols$ClassSymbol'
R13=0x000000076acc4ab8 is an oop
{instance class} 
 - klass: {other class}
R14=0x00007f5aadc28f4a: <offset 0xba7f4a> in /usr/lib/jvm/java-6-openjdk-amd64/jre/lib/amd64/server/libjvm.so at 0x00007f5aad081000
R15=0x000000076acc4ad0 is an oop
java.lang.Class 
 - klass: 'java/lang/Class'


Stack: [0x00007f5aa2b9a000,0x00007f5aa2c9b000],  sp=0x00007f5aa2c996f0,  free space=1021k
Native frames: (J=compiled Java code, j=interpreted, Vv=VM code, C=native code)
V  [libjvm.so+0x4823f8]  instanceKlass::oop_follow_contents(oopDesc*)+0x1e8
V  [libjvm.so+0x5dfa3a]  MarkSweep::follow_stack()+0x3a
V  [libjvm.so+0x691212]  PSMarkSweep::mark_sweep_phase1(bool)+0xc2
V  [libjvm.so+0x691bb1]  PSMarkSweep::invoke_no_policy(bool)+0x3b1
V  [libjvm.so+0x69efe5]  PSScavenge::invoke()+0x165
V  [libjvm.so+0x66367e]  ParallelScavengeHeap::failed_mem_allocate(unsigned long, bool)+0x8e
V  [libjvm.so+0x786246]  VM_ParallelGCFailedAllocation::doit()+0x96
V  [libjvm.so+0x789b7c]  VM_Operation::evaluate()+0x4c
V  [libjvm.so+0x788cda]  VMThread::evaluate_operation(VM_Operation*)+0x7a
V  [libjvm.so+0x788ef9]  VMThread::loop()+0x149
V  [libjvm.so+0x789222]  VMThread::run()+0x72
V  [libjvm.so+0x64c3b2]  java_start(Thread*)+0x112

VM_Operation (0x00007f5aa14e34f0): ParallelGCFailedAllocation, mode: safepoint, requested by thread 0x00007f5aa8411800


---------------  P R O C E S S  ---------------

Java Threads: ( => current thread )
  0x00007f5a38001000 JavaThread "pool-48-thread-10" [_thread_blocked, id=11286, stack(0x00007f5aa0c7f000,0x00007f5aa0d80000)]
  0x00007f5a34002000 JavaThread "pool-48-thread-9" [_thread_blocked, id=11285, stack(0x00007f5aa14eb000,0x00007f5aa15ec000)]
  0x00007f5aa8411800 JavaThread "pool-48-thread-8" [_thread_blocked, id=11284, stack(0x00007f5aa13ea000,0x00007f5aa14eb000)]
  0x00007f5aa8100000 JavaThread "pool-48-thread-7" [_thread_blocked, id=11283, stack(0x00007f5aa0de4000,0x00007f5aa0ee5000)]
  0x00007f5aa83a9800 JavaThread "pool-48-thread-6" [_thread_blocked, id=11282, stack(0x00007f5aa12e9000,0x00007f5aa13ea000)]
  0x00007f5aa83d4000 JavaThread "pool-48-thread-5" [_thread_blocked, id=11281, stack(0x00007f5aa0ee5000,0x00007f5aa0fe6000)]
  0x00007f5aa83a4800 JavaThread "pool-48-thread-4" [_thread_blocked, id=11280, stack(0x00007f5aa0fe6000,0x00007f5aa10e7000)]
  0x00007f5aa83a2000 JavaThread "pool-48-thread-3" [_thread_blocked, id=11279, stack(0x00007f5aa11e8000,0x00007f5aa12e9000)]
  0x00007f5aa80fd000 JavaThread "pool-48-thread-2" [_thread_blocked, id=11278, stack(0x00007f5aa15ec000,0x00007f5aa16ed000)]
  0x00007f5aa83e1800 JavaThread "pool-48-thread-1" [_thread_blocked, id=11277, stack(0x00007f5aa10e7000,0x00007f5aa11e8000)]
  0x00007f5aa80a5800 JavaThread "Low Memory Detector" daemon [_thread_blocked, id=2667, stack(0x00007f5aa1eb1000,0x00007f5aa1fb2000)]
  0x00007f5aa80a3000 JavaThread "C2 CompilerThread1" daemon [_thread_blocked, id=2666, stack(0x00007f5aa1fb2000,0x00007f5aa20b3000)]
  0x00007f5aa80a0000 JavaThread "C2 CompilerThread0" daemon [_thread_blocked, id=2665, stack(0x00007f5aa20b3000,0x00007f5aa21b4000)]
  0x00007f5aa8092000 JavaThread "Signal Dispatcher" daemon [_thread_blocked, id=2664, stack(0x00007f5aa21b4000,0x00007f5aa22b5000)]
  0x00007f5aa8080000 JavaThread "Finalizer" daemon [_thread_blocked, id=2663, stack(0x00007f5aa2998000,0x00007f5aa2a99000)]
  0x00007f5aa807e000 JavaThread "Reference Handler" daemon [_thread_blocked, id=2662, stack(0x00007f5aa2a99000,0x00007f5aa2b9a000)]
  0x00007f5aa8007800 JavaThread "main" [_thread_blocked, id=2652, stack(0x00007f5aae944000,0x00007f5aaea45000)]

Other Threads:
=>0x00007f5aa8077000 VMThread [stack: 0x00007f5aa2b9a000,0x00007f5aa2c9b000] [id=2661]
  0x00007f5aa80a8000 WatcherThread [stack: 0x00007f5aa1db0000,0x00007f5aa1eb1000] [id=2668]

VM state:at safepoint (normal execution)

VM Mutex/Monitor currently owned by a thread:  ([mutex/lock_event])
[0x00007f5aa8004300] Threads_lock - owner thread: 0x00007f5aa8077000
[0x00007f5aa8004800] Heap_lock - owner thread: 0x00007f5aa8411800

Heap
 PSYoungGen      total 640000K, used 58980K [0x00000007d5560000, 0x0000000800000000, 0x0000000800000000)
  eden space 580992K, 0% used [0x00000007d5560000,0x00000007d5560000,0x00000007f8cc0000)
  from space 59008K, 99% used [0x00000007f8cc0000,0x00000007fc659128,0x00000007fc660000)
  to   space 59008K, 0% used [0x00000007fc660000,0x00000007fc660000,0x0000000800000000)
 PSOldGen        total 355520K, used 354819K [0x0000000780000000, 0x0000000795b30000, 0x00000007d5560000)
  object space 355520K, 99% used [0x0000000780000000,0x0000000795a80c58,0x0000000795b30000)
 PSPermGen       total 71168K, used 71083K [0x0000000768000000, 0x000000076c580000, 0x0000000780000000)
  object space 71168K, 99% used [0x0000000768000000,0x000000076c56ac68,0x000000076c580000)

Code Cache  [0x00007f5aa47c5000, 0x00007f5aa5ab5000, 0x00007f5aa77c5000)
 total_blobs=4876 nmethods=4535 adapters=292 free_code_cache=31279168 largest_free_block=456000

Dynamic libraries:
00400000-00409000 r-xp 00000000 08:15 1704400                            /usr/lib/jvm/java-6-openjdk-amd64/jre/bin/java
00608000-00609000 r--p 00008000 08:15 1704400                            /usr/lib/jvm/java-6-openjdk-amd64/jre/bin/java
00609000-0060a000 rw-p 00009000 08:15 1704400                            /usr/lib/jvm/java-6-openjdk-amd64/jre/bin/java
012eb000-0130c000 rw-p 00000000 00:00 0                                  [heap]
768000000-76c580000 rw-p 00000000 00:00 0 
76c580000-780000000 rw-p 00000000 00:00 0 
780000000-795b30000 rw-p 00000000 00:00 0 
795b30000-7d5560000 rw-p 00000000 00:00 0 
7d5560000-800000000 rw-p 00000000 00:00 0 
7f5a14000000-7f5a14021000 rw-p 00000000 00:00 0 
7f5a14021000-7f5a18000000 ---p 00000000 00:00 0 
7f5a1c000000-7f5a1c026000 rw-p 00000000 00:00 0 
7f5a1c026000-7f5a20000000 ---p 00000000 00:00 0 
7f5a20000000-7f5a23848000 rw-p 00000000 00:00 0 
7f5a23848000-7f5a24000000 ---p 00000000 00:00 0 
7f5a24000000-7f5a24021000 rw-p 00000000 00:00 0 
7f5a24021000-7f5a28000000 ---p 00000000 00:00 0 
7f5a28000000-7f5a2804b000 rw-p 00000000 00:00 0 
7f5a2804b000-7f5a2c000000 ---p 00000000 00:00 0 
7f5a2c000000-7f5a2c114000 rw-p 00000000 00:00 0 
7f5a2c114000-7f5a30000000 ---p 00000000 00:00 0 
7f5a30000000-7f5a30028000 rw-p 00000000 00:00 0 
7f5a30028000-7f5a34000000 ---p 00000000 00:00 0 
7f5a34000000-7f5a34067000 rw-p 00000000 00:00 0 
7f5a34067000-7f5a38000000 ---p 00000000 00:00 0 
7f5a38000000-7f5a3806e000 rw-p 00000000 00:00 0 
7f5a3806e000-7f5a3c000000 ---p 00000000 00:00 0 
7f5a3c000000-7f5a3c14a000 rw-p 00000000 00:00 0 
7f5a3c14a000-7f5a40000000 ---p 00000000 00:00 0 
7f5a40000000-7f5a405c9000 rw-p 00000000 00:00 0 
7f5a405c9000-7f5a44000000 ---p 00000000 00:00 0 
7f5a44000000-7f5a44021000 rw-p 00000000 00:00 0 
7f5a44021000-7f5a48000000 ---p 00000000 00:00 0 
7f5a48000000-7f5a48021000 rw-p 00000000 00:00 0 
7f5a48021000-7f5a4c000000 ---p 00000000 00:00 0 
7f5a4c000000-7f5a4fff1000 rw-p 00000000 00:00 0 
7f5a4fff1000-7f5a50000000 ---p 00000000 00:00 0 
7f5a50000000-7f5a53ff2000 rw-p 00000000 00:00 0 
7f5a53ff2000-7f5a54000000 ---p 00000000 00:00 0 
7f5a54000000-7f5a54021000 rw-p 00000000 00:00 0 
7f5a54021000-7f5a58000000 ---p 00000000 00:00 0 
7f5a58000000-7f5a58021000 rw-p 00000000 00:00 0 
7f5a58021000-7f5a5c000000 ---p 00000000 00:00 0 
7f5a5c000000-7f5a5c258000 rw-p 00000000 00:00 0 
7f5a5c258000-7f5a60000000 ---p 00000000 00:00 0 
7f5a60000000-7f5a60021000 rw-p 00000000 00:00 0 
7f5a60021000-7f5a64000000 ---p 00000000 00:00 0 
7f5a64000000-7f5a6407a000 rw-p 00000000 00:00 0 
7f5a6407a000-7f5a68000000 ---p 00000000 00:00 0 
7f5a6c000000-7f5a6c041000 rw-p 00000000 00:00 0 
7f5a6c041000-7f5a70000000 ---p 00000000 00:00 0 
7f5a74000000-7f5a74021000 rw-p 00000000 00:00 0 
7f5a74021000-7f5a78000000 ---p 00000000 00:00 0 
7f5a7c000000-7f5a7c076000 rw-p 00000000 00:00 0 
7f5a7c076000-7f5a80000000 ---p 00000000 00:00 0 
7f5a84000000-7f5a8403a000 rw-p 00000000 00:00 0 
7f5a8403a000-7f5a88000000 ---p 00000000 00:00 0 
7f5a8c000000-7f5a8c021000 rw-p 00000000 00:00 0 
7f5a8c021000-7f5a90000000 ---p 00000000 00:00 0 
7f5a94000000-7f5a94021000 rw-p 00000000 00:00 0 
7f5a94021000-7f5a98000000 ---p 00000000 00:00 0 
7f5a9c000000-7f5a9c021000 rw-p 00000000 00:00 0 
7f5a9c021000-7f5aa0000000 ---p 00000000 00:00 0 
7f5aa0bdb000-7f5aa0c7f000 r--s 006e4000 08:17 7078660                    /home/christian/.ivy2/cache/org.scalaz/scalaz-core_2.9.2/jars/scalaz-core_2.9.2-7.0.0-M2.jar
7f5aa0c7f000-7f5aa0c82000 ---p 00000000 00:00 0 
7f5aa0c82000-7f5aa0d80000 rw-p 00000000 00:00 0 
7f5aa0d80000-7f5aa0de4000 r--s 003c6000 08:17 7079248                    /home/christian/.ivy2/cache/org.scalaz/scalaz-core_2.9.2/jars/scalaz-core_2.9.2-6.0.3.jar
7f5aa0de4000-7f5aa0de7000 ---p 00000000 00:00 0 
7f5aa0de7000-7f5aa0ee5000 rw-p 00000000 00:00 0 
7f5aa0ee5000-7f5aa0ee8000 ---p 00000000 00:00 0 
7f5aa0ee8000-7f5aa0fe6000 rw-p 00000000 00:00 0 
7f5aa0fe6000-7f5aa0fe9000 ---p 00000000 00:00 0 
7f5aa0fe9000-7f5aa10e7000 rw-p 00000000 00:00 0 
7f5aa10e7000-7f5aa10ea000 ---p 00000000 00:00 0 
7f5aa10ea000-7f5aa11e8000 rw-p 00000000 00:00 0 
7f5aa11e8000-7f5aa11eb000 ---p 00000000 00:00 0 
7f5aa11eb000-7f5aa12e9000 rw-p 00000000 00:00 0 
7f5aa12e9000-7f5aa12ec000 ---p 00000000 00:00 0 
7f5aa12ec000-7f5aa13ea000 rw-p 00000000 00:00 0 
7f5aa13ea000-7f5aa13ed000 ---p 00000000 00:00 0 
7f5aa13ed000-7f5aa14eb000 rw-p 00000000 00:00 0 
7f5aa14eb000-7f5aa14ee000 ---p 00000000 00:00 0 
7f5aa14ee000-7f5aa15ec000 rw-p 00000000 00:00 0 
7f5aa15ec000-7f5aa15ef000 ---p 00000000 00:00 0 
7f5aa15ef000-7f5aa16ed000 rw-p 00000000 00:00 0 
7f5aa16ed000-7f5aa16f0000 r--s 00008000 08:17 7078316                    /home/christian/.sbt/boot/scala-2.9.2/org.scala-sbt/sbt/0.12.0/xsbti/interface-0.12.0.jar
7f5aa16f0000-7f5aa16f2000 r--s 00006000 08:17 7998953                    /home/christian/.ivy2/cache/com.thoughtworks.paranamer/paranamer/jars/paranamer-2.4.1.jar
7f5aa16f2000-7f5aa1705000 r--s 000bb000 08:17 7864771                    /home/christian/.ivy2/cache/org.scala-lang/scalap/jars/scalap-2.9.2.jar
7f5aa1705000-7f5aa170e000 r--s 0006a000 08:17 7737213                    /home/christian/.ivy2/cache/net.liftweb/lift-json_2.9.2/jars/lift-json_2.9.2-2.5-M2.jar
7f5aa170e000-7f5aa1711000 r--s 00023000 08:17 7996600                    /home/christian/.ivy2/cache/com.typesafe/config/bundles/config-0.3.1.jar
7f5aa1711000-7f5aa172c000 r--s 00188000 08:17 7081393                    /home/christian/.ivy2/cache/com.typesafe.akka/akka-actor/jars/akka-actor-2.0.3.jar
7f5aa172c000-7f5aa173c000 r--s 0007c000 08:17 7078655                    /home/christian/.ivy2/cache/joda-time/joda-time/jars/joda-time-2.1.jar
7f5aa173c000-7f5aa173f000 r--s 0001e000 08:17 7078344                    /home/christian/.sbt/boot/scala-2.9.2/org.scala-sbt/sbt/0.12.0/compile-0.12.0.jar
7f5aa173f000-7f5aa1745000 r--s 00042000 08:17 7078347                    /home/christian/.sbt/boot/scala-2.9.2/org.scala-sbt/sbt/0.12.0/collections-0.12.0.jar
7f5aa1745000-7f5aa174b000 r--s 0003b000 08:17 7078326                    /home/christian/.sbt/boot/scala-2.9.2/org.scala-sbt/sbt/0.12.0/io-0.12.0.jar
7f5aa174b000-7f5aa174e000 r--s 00019000 08:17 7078338                    /home/christian/.sbt/boot/scala-2.9.2/org.scala-sbt/sbt/0.12.0/cache-0.12.0.jar
7f5aa174e000-7f5aa1750000 r--s 00015000 08:17 7078321                    /home/christian/.sbt/boot/scala-2.9.2/org.scala-sbt/sbt/0.12.0/jline-1.0.jar
7f5aa1750000-7f5aa1752000 r--s 00001000 08:17 7078348                    /home/christian/.sbt/boot/scala-2.9.2/org.scala-sbt/sbt/0.12.0/launcher-interface-0.12.0.jar
7f5aa1752000-7f5aa1756000 r--s 00025000 08:17 7078322                    /home/christian/.sbt/boot/scala-2.9.2/org.scala-sbt/sbt/0.12.0/incremental-compiler-0.12.0.jar
7f5aa1756000-7f5aa175c000 r--s 00045000 08:17 7078345                    /home/christian/.sbt/boot/scala-2.9.2/org.scala-sbt/sbt/0.12.0/commons-httpclient-3.1.jar
7f5aa175c000-7f5aa1760000 r--s 0001c000 08:17 7078307                    /home/christian/.sbt/boot/scala-2.9.2/org.scala-sbt/sbt/0.12.0/persist-0.12.0.jar
7f5aa1760000-7f5aa1761000 r--s 00004000 08:17 7078331                    /home/christian/.sbt/boot/scala-2.9.2/org.scala-sbt/sbt/0.12.0/sbt-0.12.0.jar
7f5aa1761000-7f5aa1769000 r--s 0004d000 08:17 7078315                    /home/christian/.sbt/boot/scala-2.9.2/org.scala-sbt/sbt/0.12.0/api-0.12.0.jar
7f5aa1769000-7f5aa176f000 r--s 00047000 08:17 7078312                    /home/christian/.sbt/boot/scala-2.9.2/org.scala-sbt/sbt/0.12.0/completion-0.12.0.jar
7f5aa176f000-7f5aa1771000 r--s 00000000 08:17 7078328                    /home/christian/.sbt/boot/scala-2.9.2/org.scala-sbt/sbt/0.12.0/test-interface-0.5.jar
7f5aa1771000-7f5aa1776000 r--s 00041000 08:17 7078339                    /home/christian/.sbt/boot/scala-2.9.2/org.scala-sbt/sbt/0.12.0/actions-0.12.0.jar
7f5aa1776000-7f5aa178b000 r--s 00114000 08:17 7078306                    /home/christian/.sbt/boot/scala-2.9.2/org.scala-sbt/sbt/0.12.0/ivy-2.3.0-rc1.jar
7f5aa178b000-7f5aa17ac000 r--s 001b8000 08:17 7078349                    /home/christian/.sbt/boot/scala-2.9.2/org.scala-sbt/sbt/0.12.0/main-0.12.0.jar
7f5aa17ac000-7f5aa17ae000 r--s 00012000 08:17 7078327                    /home/christian/.sbt/boot/scala-2.9.2/org.scala-sbt/sbt/0.12.0/testing-0.12.0.jar
7f5aa17ae000-7f5aa17b1000 r--s 0001b000 08:17 7078313                    /home/christian/.sbt/boot/scala-2.9.2/org.scala-sbt/sbt/0.12.0/tasks-0.12.0.jar
7f5aa17b1000-7f5aa17b4000 r--s 0001a000 08:17 7078329                    /home/christian/.sbt/boot/scala-2.9.2/org.scala-sbt/sbt/0.12.0/process-0.12.0.jar
7f5aa17b4000-7f5aa17b6000 r--s 00001000 08:17 7078325                    /home/christian/.sbt/boot/scala-2.9.2/org.scala-sbt/sbt/0.12.0/compiler-ivy-integration-0.12.0.jar
7f5aa17b6000-7f5aa17ba000 r--s 00034000 08:17 7078314                    /home/christian/.sbt/boot/scala-2.9.2/org.scala-sbt/sbt/0.12.0/jsch-0.1.46.jar
7f5aa17ba000-7f5aa17bd000 r--s 00011000 08:17 7078323                    /home/christian/.sbt/boot/scala-2.9.2/org.scala-sbt/sbt/0.12.0/classfile-0.12.0.jar
7f5aa17bd000-7f5aa17bf000 r--s 0000a000 08:17 7078333                    /home/christian/.sbt/boot/scala-2.9.2/org.scala-sbt/sbt/0.12.0/compiler-integration-0.12.0.jar
7f5aa17bf000-7f5aa17c2000 r--s 0001c000 08:17 7078337                    /home/christian/.sbt/boot/scala-2.9.2/org.scala-sbt/sbt/0.12.0/task-system-0.12.0.jar
7f5aa17c2000-7f5aa17c4000 r--s 00002000 08:17 7078342                    /home/christian/.sbt/boot/scala-2.9.2/org.scala-sbt/sbt/0.12.0/control-0.12.0.jar
7f5aa17c4000-7f5aa17c7000 r--s 00014000 08:17 7078311                    /home/christian/.sbt/boot/scala-2.9.2/org.scala-sbt/sbt/0.12.0/run-0.12.0.jar
7f5aa17c7000-7f5aa17c9000 r--s 00013000 08:17 7078324                    /home/christian/.sbt/boot/scala-2.9.2/org.scala-sbt/sbt/0.12.0/classpath-0.12.0.jar
7f5aa17c9000-7f5aa17cd000 r--s 0002d000 08:17 7078400                    /home/christian/.sbt/boot/scala-2.9.2/org.scala-sbt/sbt/0.12.0/command-0.12.0.jar
7f5aa17cd000-7f5aa17cf000 r--s 00008000 08:17 7078330                    /home/christian/.sbt/boot/scala-2.9.2/org.scala-sbt/sbt/0.12.0/commons-logging-1.0.4.jar
7f5aa17cf000-7f5aa17d1000 r--s 00001000 08:17 7078308                    /home/christian/.sbt/boot/scala-2.9.2/org.scala-sbt/sbt/0.12.0/test-agent-0.12.0.jar
7f5aa17d1000-7f5aa17d4000 r--s 00015000 08:17 7078343                    /home/christian/.sbt/boot/scala-2.9.2/org.scala-sbt/sbt/0.12.0/logging-0.12.0.jar
7f5aa17d4000-7f5aa17de000 r--s 00088000 08:17 7078320                    /home/christian/.sbt/boot/scala-2.9.2/org.scala-sbt/sbt/0.12.0/ivy-0.12.0.jar
7f5aa17de000-7f5aa17e1000 r--s 00022000 08:17 7078332                    /home/christian/.sbt/boot/scala-2.9.2/org.scala-sbt/sbt/0.12.0/sbinary_2.9.0-0.4.0.jar
7f5aa17e1000-7f5aa17e3000 r--s 00006000 08:17 7078334                    /home/christian/.sbt/boot/scala-2.9.2/org.scala-sbt/sbt/0.12.0/commons-codec-1.2.jar
7f5aa17e3000-7f5aa17e5000 r--s 00009000 08:17 7078346                    /home/christian/.sbt/boot/scala-2.9.2/org.scala-sbt/sbt/0.12.0/tracking-0.12.0.jar
7f5aa17e5000-7f5aa17e8000 r--s 00018000 08:17 7079174                    /home/christian/.sbt/boot/scala-2.9.2/lib/jansi.jar
7f5aa17e8000-7f5aa1866000 r--s 007f5000 08:17 7078397                    /home/christian/.sbt/boot/scala-2.9.2/lib/scala-library.jar
7f5aa1866000-7f5aa192d000 r--s 00a25000 08:17 7078399                    /home/christian/.sbt/boot/scala-2.9.2/lib/scala-compiler.jar
7f5aa192d000-7f5aa1935000 r-xp 00000000 08:15 1704372                    /usr/lib/jvm/java-6-openjdk-amd64/jre/lib/amd64/libnio.so
7f5aa1935000-7f5aa1b34000 ---p 00008000 08:15 1704372                    /usr/lib/jvm/java-6-openjdk-amd64/jre/lib/amd64/libnio.so
7f5aa1b34000-7f5aa1b35000 r--p 00007000 08:15 1704372                    /usr/lib/jvm/java-6-openjdk-amd64/jre/lib/amd64/libnio.so
7f5aa1b35000-7f5aa1b36000 rw-p 00008000 08:15 1704372                    /usr/lib/jvm/java-6-openjdk-amd64/jre/lib/amd64/libnio.so
7f5aa1b36000-7f5aa1b67000 rw-p 00000000 00:00 0 
7f5aa1b67000-7f5aa1b7c000 r-xp 00000000 08:15 1704373                    /usr/lib/jvm/java-6-openjdk-amd64/jre/lib/amd64/libnet.so
7f5aa1b7c000-7f5aa1d7b000 ---p 00015000 08:15 1704373                    /usr/lib/jvm/java-6-openjdk-amd64/jre/lib/amd64/libnet.so
7f5aa1d7b000-7f5aa1d7c000 r--p 00014000 08:15 1704373                    /usr/lib/jvm/java-6-openjdk-amd64/jre/lib/amd64/libnet.so
7f5aa1d7c000-7f5aa1d7d000 rw-p 00015000 08:15 1704373                    /usr/lib/jvm/java-6-openjdk-amd64/jre/lib/amd64/libnet.so
7f5aa1d7d000-7f5aa1d80000 r--s 000cf000 08:17 7077971                    /home/christian/.sbt/boot/other/net.java.dev.jna/jna/3.2.3/jna-3.2.3.jar
7f5aa1d80000-7f5aa1d87000 r--s 000fb000 08:15 1704337                    /usr/lib/jvm/java-6-openjdk-common/jre/lib/resources.jar
7f5aa1d87000-7f5aa1d8b000 r--s 0007d000 08:15 1704319                    /usr/lib/jvm/java-6-openjdk-common/jre/lib/jsse.jar
7f5aa1d8b000-7f5aa1d8e000 r--s 00077000 08:15 1704336                    /usr/lib/jvm/java-6-openjdk-common/jre/lib/ext/localedata.jar
7f5aa1d8e000-7f5aa1d8f000 r--s 00007000 08:15 1971030                    /usr/share/java/java-atk-wrapper.jar
7f5aa1d8f000-7f5aa1d91000 r--s 0000f000 08:15 1704333                    /usr/lib/jvm/java-6-openjdk-common/jre/lib/ext/pulse-java.jar
7f5aa1d91000-7f5aa1d95000 r--s 00038000 08:15 1704334                    /usr/lib/jvm/java-6-openjdk-common/jre/lib/ext/sunpkcs11.jar
7f5aa1d95000-7f5aa1d97000 r--s 00001000 08:15 1704335                    /usr/lib/jvm/java-6-openjdk-common/jre/lib/ext/dnsns.jar
7f5aa1d97000-7f5aa1d9a000 r--s 00031000 08:15 1704332                    /usr/lib/jvm/java-6-openjdk-common/jre/lib/ext/sunjce_provider.jar
7f5aa1d9a000-7f5aa1db0000 r--s 000f6000 08:17 5901062                    /home/christian/bin/sbt-0.12.0/sbt-launch.jar
7f5aa1db0000-7f5aa1db1000 ---p 00000000 00:00 0 
7f5aa1db1000-7f5aa1eb1000 rw-p 00000000 00:00 0 
7f5aa1eb1000-7f5aa1eb4000 ---p 00000000 00:00 0 
7f5aa1eb4000-7f5aa1fb2000 rw-p 00000000 00:00 0 
7f5aa1fb2000-7f5aa1fb5000 ---p 00000000 00:00 0 
7f5aa1fb5000-7f5aa20b3000 rw-p 00000000 00:00 0 
7f5aa20b3000-7f5aa20b6000 ---p 00000000 00:00 0 
7f5aa20b6000-7f5aa21b4000 rw-p 00000000 00:00 0 
7f5aa21b4000-7f5aa21b7000 ---p 00000000 00:00 0 
7f5aa21b7000-7f5aa22b5000 rw-p 00000000 00:00 0 
7f5aa22b5000-7f5aa2998000 r--p 00000000 08:15 1579669                    /usr/lib/locale/locale-archive
7f5aa2998000-7f5aa299b000 ---p 00000000 00:00 0 
7f5aa299b000-7f5aa2a99000 rw-p 00000000 00:00 0 
7f5aa2a99000-7f5aa2a9c000 ---p 00000000 00:00 0 
7f5aa2a9c000-7f5aa2b9a000 rw-p 00000000 00:00 0 
7f5aa2b9a000-7f5aa2b9b000 ---p 00000000 00:00 0 
7f5aa2b9b000-7f5aa35d7000 rw-p 00000000 00:00 0 
7f5aa35d7000-7f5aa3769000 r--s 037c2000 08:15 1704394                    /usr/lib/jvm/java-6-openjdk-amd64/jre/lib/rt.jar
7f5aa3769000-7f5aa3791000 rw-p 00000000 00:00 0 
7f5aa3791000-7f5aa3792000 ---p 00000000 00:00 0 
7f5aa3792000-7f5aa3892000 rw-p 00000000 00:00 0 
7f5aa3892000-7f5aa3893000 ---p 00000000 00:00 0 
7f5aa3893000-7f5aa3993000 rw-p 00000000 00:00 0 
7f5aa3993000-7f5aa3994000 ---p 00000000 00:00 0 
7f5aa3994000-7f5aa3a94000 rw-p 00000000 00:00 0 
7f5aa3a94000-7f5aa3a95000 ---p 00000000 00:00 0 
7f5aa3a95000-7f5aa3b95000 rw-p 00000000 00:00 0 
7f5aa3b95000-7f5aa3b96000 ---p 00000000 00:00 0 
7f5aa3b96000-7f5aa3c96000 rw-p 00000000 00:00 0 
7f5aa3c96000-7f5aa3c97000 ---p 00000000 00:00 0 
7f5aa3c97000-7f5aa3d97000 rw-p 00000000 00:00 0 
7f5aa3d97000-7f5aa3d98000 ---p 00000000 00:00 0 
7f5aa3d98000-7f5aa3e98000 rw-p 00000000 00:00 0 
7f5aa3e98000-7f5aa3e99000 ---p 00000000 00:00 0 
7f5aa3e99000-7f5aa3fbc000 rw-p 00000000 00:00 0 
7f5aa3fbc000-7f5aa4059000 rw-p 00000000 00:00 0 
7f5aa4059000-7f5aa4107000 rw-p 00000000 00:00 0 
7f5aa4107000-7f5aa4304000 rw-p 00000000 00:00 0 
7f5aa4304000-7f5aa4327000 rw-p 00000000 00:00 0 
7f5aa4327000-7f5aa43c4000 rw-p 00000000 00:00 0 
7f5aa43c4000-7f5aa4472000 rw-p 00000000 00:00 0 
7f5aa4472000-7f5aa466e000 rw-p 00000000 00:00 0 
7f5aa466e000-7f5aa47c4000 rw-p 00000000 00:00 0 
7f5aa47c4000-7f5aa47c5000 rw-p 00000000 00:00 0 
7f5aa47c5000-7f5aa5ab5000 rwxp 00000000 00:00 0 
7f5aa5ab5000-7f5aa77c5000 rw-p 00000000 00:00 0 
7f5aa77c5000-7f5aa77cc000 r-xp 00000000 08:15 1704383                    /usr/lib/jvm/java-6-openjdk-amd64/jre/lib/amd64/libzip.so
7f5aa77cc000-7f5aa79cb000 ---p 00007000 08:15 1704383                    /usr/lib/jvm/java-6-openjdk-amd64/jre/lib/amd64/libzip.so
7f5aa79cb000-7f5aa79cc000 r--p 00006000 08:15 1704383                    /usr/lib/jvm/java-6-openjdk-amd64/jre/lib/amd64/libzip.so
7f5aa79cc000-7f5aa79cd000 rw-p 00007000 08:15 1704383                    /usr/lib/jvm/java-6-openjdk-amd64/jre/lib/amd64/libzip.so
7f5aa79cd000-7f5aa79d9000 r-xp 00000000 08:15 4198043                    /lib/x86_64-linux-gnu/libnss_files-2.15.so
7f5aa79d9000-7f5aa7bd8000 ---p 0000c000 08:15 4198043                    /lib/x86_64-linux-gnu/libnss_files-2.15.so
7f5aa7bd8000-7f5aa7bd9000 r--p 0000b000 08:15 4198043                    /lib/x86_64-linux-gnu/libnss_files-2.15.so
7f5aa7bd9000-7f5aa7bda000 rw-p 0000c000 08:15 4198043                    /lib/x86_64-linux-gnu/libnss_files-2.15.so
7f5aa7bda000-7f5aa7be4000 r-xp 00000000 08:15 4198016                    /lib/x86_64-linux-gnu/libnss_nis-2.15.so
7f5aa7be4000-7f5aa7de4000 ---p 0000a000 08:15 4198016                    /lib/x86_64-linux-gnu/libnss_nis-2.15.so
7f5aa7de4000-7f5aa7de5000 r--p 0000a000 08:15 4198016                    /lib/x86_64-linux-gnu/libnss_nis-2.15.so
7f5aa7de5000-7f5aa7de6000 rw-p 0000b000 08:15 4198016                    /lib/x86_64-linux-gnu/libnss_nis-2.15.so
7f5aa7de6000-7f5aa7dfd000 r-xp 00000000 08:15 4198083                    /lib/x86_64-linux-gnu/libnsl-2.15.so
7f5aa7dfd000-7f5aa7ffc000 ---p 00017000 08:15 4198083                    /lib/x86_64-linux-gnu/libnsl-2.15.so
7f5aa7ffc000-7f5aa7ffd000 r--p 00016000 08:15 4198083                    /lib/x86_64-linux-gnu/libnsl-2.15.so
7f5aa7ffd000-7f5aa7ffe000 rw-p 00017000 08:15 4198083                    /lib/x86_64-linux-gnu/libnsl-2.15.so
7f5aa7ffe000-7f5aa8000000 rw-p 00000000 00:00 0 
7f5aa8000000-7f5aa84c9000 rw-p 00000000 00:00 0 
7f5aa84c9000-7f5aac000000 ---p 00000000 00:00 0 
7f5aac000000-7f5aac006000 r--s 00033000 08:17 7078658                    /home/christian/.ivy2/cache/commons-codec/commons-codec/jars/commons-codec-1.6.jar
7f5aac006000-7f5aac009000 r--s 00007000 08:17 7078657                    /home/christian/.ivy2/cache/org.joda/joda-convert/jars/joda-convert-1.1.jar
7f5aac009000-7f5aac00c000 r--s 00077000 08:15 1704336                    /usr/lib/jvm/java-6-openjdk-common/jre/lib/ext/localedata.jar
7f5aac00c000-7f5aac00e000 r--s 0000f000 08:15 1704333                    /usr/lib/jvm/java-6-openjdk-common/jre/lib/ext/pulse-java.jar
7f5aac00e000-7f5aac012000 r--s 00038000 08:15 1704334                    /usr/lib/jvm/java-6-openjdk-common/jre/lib/ext/sunpkcs11.jar
7f5aac012000-7f5aac01f000 r--s 00107000 08:15 1704318                    /usr/lib/jvm/java-6-openjdk-common/jre/lib/rhino.jar
7f5aac01f000-7f5aac027000 r-xp 00000000 08:15 4198045                    /lib/x86_64-linux-gnu/libnss_compat-2.15.so
7f5aac027000-7f5aac226000 ---p 00008000 08:15 4198045                    /lib/x86_64-linux-gnu/libnss_compat-2.15.so
7f5aac226000-7f5aac227000 r--p 00007000 08:15 4198045                    /lib/x86_64-linux-gnu/libnss_compat-2.15.so
7f5aac227000-7f5aac228000 rw-p 00008000 08:15 4198045                    /lib/x86_64-linux-gnu/libnss_compat-2.15.so
7f5aac228000-7f5aac254000 r-xp 00000000 08:15 1704365                    /usr/lib/jvm/java-6-openjdk-amd64/jre/lib/amd64/libjava.so
7f5aac254000-7f5aac453000 ---p 0002c000 08:15 1704365                    /usr/lib/jvm/java-6-openjdk-amd64/jre/lib/amd64/libjava.so
7f5aac453000-7f5aac454000 r--p 0002b000 08:15 1704365                    /usr/lib/jvm/java-6-openjdk-amd64/jre/lib/amd64/libjava.so
7f5aac454000-7f5aac457000 rw-p 0002c000 08:15 1704365                    /usr/lib/jvm/java-6-openjdk-amd64/jre/lib/amd64/libjava.so
7f5aac457000-7f5aac465000 r-xp 00000000 08:15 1704375                    /usr/lib/jvm/java-6-openjdk-amd64/jre/lib/amd64/libverify.so
7f5aac465000-7f5aac664000 ---p 0000e000 08:15 1704375                    /usr/lib/jvm/java-6-openjdk-amd64/jre/lib/amd64/libverify.so
7f5aac664000-7f5aac666000 r--p 0000d000 08:15 1704375                    /usr/lib/jvm/java-6-openjdk-amd64/jre/lib/amd64/libverify.so
7f5aac666000-7f5aac667000 rw-p 0000f000 08:15 1704375                    /usr/lib/jvm/java-6-openjdk-amd64/jre/lib/amd64/libverify.so
7f5aac667000-7f5aac66e000 r-xp 00000000 08:15 4198008                    /lib/x86_64-linux-gnu/librt-2.15.so
7f5aac66e000-7f5aac86d000 ---p 00007000 08:15 4198008                    /lib/x86_64-linux-gnu/librt-2.15.so
7f5aac86d000-7f5aac86e000 r--p 00006000 08:15 4198008                    /lib/x86_64-linux-gnu/librt-2.15.so
7f5aac86e000-7f5aac86f000 rw-p 00007000 08:15 4198008                    /lib/x86_64-linux-gnu/librt-2.15.so
7f5aac86f000-7f5aac884000 r-xp 00000000 08:15 4198019                    /lib/x86_64-linux-gnu/libgcc_s.so.1
7f5aac884000-7f5aaca83000 ---p 00015000 08:15 4198019                    /lib/x86_64-linux-gnu/libgcc_s.so.1
7f5aaca83000-7f5aaca84000 r--p 00014000 08:15 4198019                    /lib/x86_64-linux-gnu/libgcc_s.so.1
7f5aaca84000-7f5aaca85000 rw-p 00015000 08:15 4198019                    /lib/x86_64-linux-gnu/libgcc_s.so.1
7f5aaca85000-7f5aacb80000 r-xp 00000000 08:15 4198023                    /lib/x86_64-linux-gnu/libm-2.15.so
7f5aacb80000-7f5aacd7f000 ---p 000fb000 08:15 4198023                    /lib/x86_64-linux-gnu/libm-2.15.so
7f5aacd7f000-7f5aacd80000 r--p 000fa000 08:15 4198023                    /lib/x86_64-linux-gnu/libm-2.15.so
7f5aacd80000-7f5aacd81000 rw-p 000fb000 08:15 4198023                    /lib/x86_64-linux-gnu/libm-2.15.so
7f5aacd81000-7f5aace63000 r-xp 00000000 08:15 1581035                    /usr/lib/x86_64-linux-gnu/libstdc++.so.6.0.16
7f5aace63000-7f5aad062000 ---p 000e2000 08:15 1581035                    /usr/lib/x86_64-linux-gnu/libstdc++.so.6.0.16
7f5aad062000-7f5aad06a000 r--p 000e1000 08:15 1581035                    /usr/lib/x86_64-linux-gnu/libstdc++.so.6.0.16
7f5aad06a000-7f5aad06c000 rw-p 000e9000 08:15 1581035                    /usr/lib/x86_64-linux-gnu/libstdc++.so.6.0.16
7f5aad06c000-7f5aad081000 rw-p 00000000 00:00 0 
7f5aad081000-7f5aad986000 r-xp 00000000 08:15 1704361                    /usr/lib/jvm/java-6-openjdk-amd64/jre/lib/amd64/server/libjvm.so
7f5aad986000-7f5aadb86000 ---p 00905000 08:15 1704361                    /usr/lib/jvm/java-6-openjdk-amd64/jre/lib/amd64/server/libjvm.so
7f5aadb86000-7f5aadc06000 r--p 00905000 08:15 1704361                    /usr/lib/jvm/java-6-openjdk-amd64/jre/lib/amd64/server/libjvm.so
7f5aadc06000-7f5aadc21000 rw-p 00985000 08:15 1704361                    /usr/lib/jvm/java-6-openjdk-amd64/jre/lib/amd64/server/libjvm.so
7f5aadc21000-7f5aadc4a000 rw-p 00000000 00:00 0 
7f5aadc4a000-7f5aadc60000 r-xp 00000000 08:15 4198109                    /lib/x86_64-linux-gnu/libz.so.1.2.3.4
7f5aadc60000-7f5aade5f000 ---p 00016000 08:15 4198109                    /lib/x86_64-linux-gnu/libz.so.1.2.3.4
7f5aade5f000-7f5aade60000 r--p 00015000 08:15 4198109                    /lib/x86_64-linux-gnu/libz.so.1.2.3.4
7f5aade60000-7f5aade61000 rw-p 00016000 08:15 4198109                    /lib/x86_64-linux-gnu/libz.so.1.2.3.4
7f5aade61000-7f5aae016000 r-xp 00000000 08:15 4197973                    /lib/x86_64-linux-gnu/libc-2.15.so
7f5aae016000-7f5aae215000 ---p 001b5000 08:15 4197973                    /lib/x86_64-linux-gnu/libc-2.15.so
7f5aae215000-7f5aae219000 r--p 001b4000 08:15 4197973                    /lib/x86_64-linux-gnu/libc-2.15.so
7f5aae219000-7f5aae21b000 rw-p 001b8000 08:15 4197973                    /lib/x86_64-linux-gnu/libc-2.15.so
7f5aae21b000-7f5aae220000 rw-p 00000000 00:00 0 
7f5aae220000-7f5aae222000 r-xp 00000000 08:15 4197972                    /lib/x86_64-linux-gnu/libdl-2.15.so
7f5aae222000-7f5aae422000 ---p 00002000 08:15 4197972                    /lib/x86_64-linux-gnu/libdl-2.15.so
7f5aae422000-7f5aae423000 r--p 00002000 08:15 4197972                    /lib/x86_64-linux-gnu/libdl-2.15.so
7f5aae423000-7f5aae424000 rw-p 00003000 08:15 4197972                    /lib/x86_64-linux-gnu/libdl-2.15.so
7f5aae424000-7f5aae428000 r-xp 00000000 08:15 1704366                    /usr/lib/jvm/java-6-openjdk-amd64/jre/lib/amd64/jli/libjli.so
7f5aae428000-7f5aae627000 ---p 00004000 08:15 1704366                    /usr/lib/jvm/java-6-openjdk-amd64/jre/lib/amd64/jli/libjli.so
7f5aae627000-7f5aae628000 r--p 00003000 08:15 1704366                    /usr/lib/jvm/java-6-openjdk-amd64/jre/lib/amd64/jli/libjli.so
7f5aae628000-7f5aae629000 rw-p 00004000 08:15 1704366                    /usr/lib/jvm/java-6-openjdk-amd64/jre/lib/amd64/jli/libjli.so
7f5aae629000-7f5aae641000 r-xp 00000000 08:15 4197998                    /lib/x86_64-linux-gnu/libpthread-2.15.so
7f5aae641000-7f5aae840000 ---p 00018000 08:15 4197998                    /lib/x86_64-linux-gnu/libpthread-2.15.so
7f5aae840000-7f5aae841000 r--p 00017000 08:15 4197998                    /lib/x86_64-linux-gnu/libpthread-2.15.so
7f5aae841000-7f5aae842000 rw-p 00018000 08:15 4197998                    /lib/x86_64-linux-gnu/libpthread-2.15.so
7f5aae842000-7f5aae846000 rw-p 00000000 00:00 0 
7f5aae846000-7f5aae868000 r-xp 00000000 08:15 4198053                    /lib/x86_64-linux-gnu/ld-2.15.so
7f5aae868000-7f5aae869000 r--s 00007000 08:15 1971030                    /usr/share/java/java-atk-wrapper.jar
7f5aae869000-7f5aae86b000 r--s 00001000 08:15 1704335                    /usr/lib/jvm/java-6-openjdk-common/jre/lib/ext/dnsns.jar
7f5aae86b000-7f5aae879000 r--s 00351000 08:15 1704331                    /usr/lib/jvm/java-6-openjdk-common/jre/lib/charsets.jar
7f5aae879000-7f5aae87d000 r--s 0007d000 08:15 1704319                    /usr/lib/jvm/java-6-openjdk-common/jre/lib/jsse.jar
7f5aae87d000-7f5aae884000 r--s 000fb000 08:15 1704337                    /usr/lib/jvm/java-6-openjdk-common/jre/lib/resources.jar
7f5aae884000-7f5aae8d0000 rw-p 00000000 00:00 0 
7f5aae8d0000-7f5aae944000 rw-p 00000000 00:00 0 
7f5aae944000-7f5aae947000 ---p 00000000 00:00 0 
7f5aae947000-7f5aaea4a000 rw-p 00000000 00:00 0 
7f5aaea4a000-7f5aaea4d000 r--s 00031000 08:15 1704332                    /usr/lib/jvm/java-6-openjdk-common/jre/lib/ext/sunjce_provider.jar
7f5aaea4d000-7f5aaea4f000 r--s 00013000 08:15 1704323                    /usr/lib/jvm/java-6-openjdk-common/jre/lib/jce.jar
7f5aaea4f000-7f5aaea53000 r--s 00027000 08:17 7078318                    /home/christian/.sbt/boot/scala-2.9.2/org.scala-sbt/sbt/0.12.0/compiler-interface-bin_2.9.2/compiler-interface-bin-0.12.0.jar
7f5aaea53000-7f5aaea58000 r--s 0002a000 08:17 7079247                    /home/christian/.ivy2/cache/scala_2.9.2/sbt_0.12/com.typesafe.sbteclipse/sbteclipse-core/jars/sbteclipse-core-2.0.0.jar
7f5aaea58000-7f5aaea59000 r--s 00001000 08:17 7079245                    /home/christian/.ivy2/cache/scala_2.9.2/sbt_0.12/com.typesafe.sbteclipse/sbteclipse-plugin/jars/sbteclipse-plugin-2.0.0.jar
7f5aaea59000-7f5aaea5c000 r--s 00024000 08:17 7078398                    /home/christian/.sbt/boot/scala-2.9.2/lib/jline.jar
7f5aaea5c000-7f5aaea64000 rw-s 00000000 08:15 262167                     /tmp/hsperfdata_christian/2651
7f5aaea64000-7f5aaea65000 rw-p 00000000 00:00 0 
7f5aaea65000-7f5aaea66000 ---p 00000000 00:00 0 
7f5aaea66000-7f5aaea68000 rw-p 00000000 00:00 0 
7f5aaea68000-7f5aaea69000 r--p 00022000 08:15 4198053                    /lib/x86_64-linux-gnu/ld-2.15.so
7f5aaea69000-7f5aaea6b000 rw-p 00023000 08:15 4198053                    /lib/x86_64-linux-gnu/ld-2.15.so
7fffcb096000-7fffcb0cb000 rw-p 00000000 00:00 0                          [stack]
7fffcb1ff000-7fffcb200000 r-xp 00000000 00:00 0                          [vdso]
ffffffffff600000-ffffffffff601000 r-xp 00000000 00:00 0                  [vsyscall]

VM Arguments:
jvm_args: -Xms512M -Xmx2048M -Xss1M -XX:+CMSClassUnloadingEnabled -XX:MaxPermSize=384M 
java_command: /home/christian/bin/sbt-0.12.0/sbt-launch.jar
Launcher Type: SUN_STANDARD

Environment Variables:
PATH=/home/christian/bin:/usr/local/sbin:/usr/local/bin:/usr/sbin:/usr/bin:/sbin:/bin:/usr/games
USERNAME=christian
LD_LIBRARY_PATH=/usr/lib/jvm/java-6-openjdk-amd64/jre/lib/amd64/server:/usr/lib/jvm/java-6-openjdk-amd64/jre/lib/amd64:/usr/lib/jvm/java-6-openjdk-amd64/jre/../lib/amd64
SHELL=/bin/bash
DISPLAY=:0

Signal Handlers:
SIGSEGV: [libjvm.so+0x7852e0], sa_mask[0]=0x7ffbfeff, sa_flags=0x10000004
SIGBUS: [libjvm.so+0x7852e0], sa_mask[0]=0x7ffbfeff, sa_flags=0x10000004
SIGFPE: [libjvm.so+0x648d40], sa_mask[0]=0x7ffbfeff, sa_flags=0x10000004
SIGPIPE: [libjvm.so+0x648d40], sa_mask[0]=0x7ffbfeff, sa_flags=0x10000004
SIGXFSZ: [libjvm.so+0x648d40], sa_mask[0]=0x7ffbfeff, sa_flags=0x10000004
SIGILL: [libjvm.so+0x648d40], sa_mask[0]=0x7ffbfeff, sa_flags=0x10000004
SIGUSR1: SIG_DFL, sa_mask[0]=0x00000000, sa_flags=0x00000000
SIGUSR2: [libjvm.so+0x648ef0], sa_mask[0]=0x00000000, sa_flags=0x10000004
SIGHUP: [libjvm.so+0x64ba10], sa_mask[0]=0x7ffbfeff, sa_flags=0x10000004
SIGINT: [libjvm.so+0x64ba10], sa_mask[0]=0x7ffbfeff, sa_flags=0x10000004
SIGTERM: [libjvm.so+0x64ba10], sa_mask[0]=0x7ffbfeff, sa_flags=0x10000004
SIGQUIT: [libjvm.so+0x64ba10], sa_mask[0]=0x7ffbfeff, sa_flags=0x10000004


---------------  S Y S T E M  ---------------

OS:LinuxMint 13 (maya)
uname:Linux 3.2.0-23-generic #36-Ubuntu SMP Tue Apr 10 20:39:51 UTC 2012 x86_64
libc:glibc 2.15 NPTL 2.15 
rlimit: STACK 8192k, CORE 0k, NPROC 127605, NOFILE 4096, AS infinity
load average:1.20 1.12 0.87

/proc/meminfo:
MemTotal:       16351020 kB
MemFree:        11039364 kB
Buffers:          145196 kB
Cached:          1293716 kB
SwapCached:            0 kB
Active:          4011348 kB
Inactive:         911476 kB
Active(anon):    3486080 kB
Inactive(anon):    19592 kB
Active(file):     525268 kB
Inactive(file):   891884 kB
Unevictable:          48 kB
Mlocked:              48 kB
SwapTotal:      15624996 kB
SwapFree:       15624996 kB
Dirty:             16448 kB
Writeback:             0 kB
AnonPages:       3485036 kB
Mapped:           174332 kB
Shmem:             21372 kB
Slab:             130404 kB
SReclaimable:      99876 kB
SUnreclaim:        30528 kB
KernelStack:        3368 kB
PageTables:        27180 kB
NFS_Unstable:          0 kB
Bounce:                0 kB
WritebackTmp:          0 kB
CommitLimit:    23800504 kB
Committed_AS:    4729892 kB
VmallocTotal:   34359738367 kB
VmallocUsed:      418640 kB
VmallocChunk:   34359294972 kB
HardwareCorrupted:     0 kB
AnonHugePages:         0 kB
HugePages_Total:       0
HugePages_Free:        0
HugePages_Rsvd:        0
HugePages_Surp:        0
Hugepagesize:       2048 kB
DirectMap4k:      136704 kB
DirectMap2M:    16556032 kB


CPU:total 8 (4 cores per cpu, 2 threads per core) family 6 model 42 stepping 7, cmov, cx8, fxsr, mmx, sse, sse2, sse3, ssse3, sse4.1, sse4.2, popcnt, ht

Memory: 4k page, physical 16351020k(11039364k free), swap 15624996k(15624996k free)

vm_info: OpenJDK 64-Bit Server VM (20.0-b12) for linux-amd64 JRE (1.6.0_24-b24), built on Oct 24 2012 16:17:28 by "buildd" with gcc 4.6.3

time: Thu Dec  6 19:05:20 2012
elapsed time: 3957 seconds

